<?xml version="1.0" encoding="UTF-8"?>
<testsuite xmlns:xsi="http://www.w3.org/2001/XMLSchema-instance" xsi:noNamespaceSchemaLocation="https://maven.apache.org/surefire/maven-surefire-plugin/xsd/surefire-test-report-3.0.xsd" version="3.0" name="com.ecoharvest.productservice.ProductServiceApplicationTests" time="25.15" tests="2" errors="0" skipped="0" failures="0">
  <properties>
[...]
</properties>
  <testcase name="shouldCreateProduct" classname="com.ecoharvest.productservice.ProductServiceApplicationTests" time="0.541">
    <system-out><![CDATA[03:08:00.576 [main] INFO org.springframework.test.context.support.AnnotationConfigContextLoaderUtils -- Could not detect default configuration classes for test class [com.ecoharvest.productservice.ProductServiceApplicationTests]: ProductServiceApplicationTests does not declare any static, non-private, non-final, nested classes annotated with @Configuration.
03:08:00.624 [main] INFO org.springframework.boot.test.context.SpringBootTestContextBootstrapper -- Found @SpringBootConfiguration com.ecoharvest.productservice.ProductServiceApplication for test class com.ecoharvest.productservice.ProductServiceApplicationTests
03:08:00.694 [main] INFO org.testcontainers.utility.ImageNameSubstitutor -- Image name substitution will be performed by: DefaultImageNameSubstitutor (composite of 'ConfigurationFileImageNameSubstitutor' and 'PrefixingImageNameSubstitutor')
03:08:00.956 [main] INFO org.testcontainers.dockerclient.DockerClientProviderStrategy -- Found Docker environment with local Unix socket (unix:///var/run/docker.sock)
03:08:00.961 [main] INFO org.testcontainers.DockerClientFactory -- Docker host IP address is localhost
03:08:00.976 [main] INFO org.testcontainers.DockerClientFactory -- Connected to docker: 
  Server Version: dev
  API Version: 1.44
  Operating System: Docker Desktop
  Total Memory: 7851 MB
03:08:01.073 [main] INFO tc.testcontainers/ryuk:0.5.1 -- Pulling docker image: testcontainers/ryuk:0.5.1. Please be patient; this may take some time but only needs to be done once.
03:08:04.141 [docker-java-stream--1828468134] INFO tc.testcontainers/ryuk:0.5.1 -- Starting to pull image
03:08:04.163 [docker-java-stream--1828468134] INFO tc.testcontainers/ryuk:0.5.1 -- Pulling image layers:  0 pending,  0 downloaded,  0 extracted, (0 bytes/0 bytes)
03:08:08.396 [docker-java-stream--1828468134] INFO tc.testcontainers/ryuk:0.5.1 -- Pulling image layers:  2 pending,  1 downloaded,  0 extracted, (0 bytes/? MB)
03:08:09.195 [docker-java-stream--1828468134] INFO tc.testcontainers/ryuk:0.5.1 -- Pulling image layers:  1 pending,  2 downloaded,  0 extracted, (1 MB/? MB)
03:08:09.234 [docker-java-stream--1828468134] INFO tc.testcontainers/ryuk:0.5.1 -- Pulling image layers:  0 pending,  3 downloaded,  0 extracted, (1 MB/5 MB)
03:08:09.235 [docker-java-stream--1828468134] INFO tc.testcontainers/ryuk:0.5.1 -- Pull complete. 3 layers, pulled in 5s (downloaded 1 MB at 204 KB/s)
03:08:09.271 [main] INFO tc.testcontainers/ryuk:0.5.1 -- Creating container for image: testcontainers/ryuk:0.5.1
03:08:09.376 [main] INFO tc.testcontainers/ryuk:0.5.1 -- Container testcontainers/ryuk:0.5.1 is starting: 3be2d7ed32fedeb92c56692e570d787d12d7792676d0d807d8d6a3514bad6a49
03:08:09.657 [main] INFO tc.testcontainers/ryuk:0.5.1 -- Container testcontainers/ryuk:0.5.1 started in PT8.67826S
03:08:09.664 [main] INFO org.testcontainers.utility.RyukResourceReaper -- Ryuk started - will monitor and terminate Testcontainers containers on JVM exit
03:08:09.664 [main] INFO org.testcontainers.DockerClientFactory -- Checking the system...
03:08:09.664 [main] INFO org.testcontainers.DockerClientFactory -- ✔︎ Docker server version should be at least 1.6.0
03:08:09.669 [main] INFO tc.mongo:4.4.2 -- Pulling docker image: mongo:4.4.2. Please be patient; this may take some time but only needs to be done once.
03:08:12.195 [docker-java-stream-1892580576] INFO tc.mongo:4.4.2 -- Starting to pull image
03:08:12.195 [docker-java-stream-1892580576] INFO tc.mongo:4.4.2 -- Pulling image layers:  0 pending,  0 downloaded,  0 extracted, (0 bytes/0 bytes)
03:08:17.475 [docker-java-stream-1892580576] INFO tc.mongo:4.4.2 -- Pulling image layers: 11 pending,  1 downloaded,  0 extracted, (9 MB/? MB)
03:08:17.576 [docker-java-stream-1892580576] INFO tc.mongo:4.4.2 -- Pulling image layers: 10 pending,  2 downloaded,  0 extracted, (18 MB/? MB)
03:08:17.775 [docker-java-stream-1892580576] INFO tc.mongo:4.4.2 -- Pulling image layers:  9 pending,  3 downloaded,  0 extracted, (22 MB/? MB)
03:08:17.775 [docker-java-stream-1892580576] INFO tc.mongo:4.4.2 -- Pulling image layers:  8 pending,  4 downloaded,  0 extracted, (22 MB/? MB)
03:08:17.776 [docker-java-stream-1892580576] INFO tc.mongo:4.4.2 -- Pulling image layers:  7 pending,  5 downloaded,  0 extracted, (22 MB/? MB)
03:08:17.777 [docker-java-stream-1892580576] INFO tc.mongo:4.4.2 -- Pulling image layers:  6 pending,  6 downloaded,  0 extracted, (22 MB/? MB)
03:08:17.777 [docker-java-stream-1892580576] INFO tc.mongo:4.4.2 -- Pulling image layers:  5 pending,  7 downloaded,  0 extracted, (22 MB/? MB)
03:08:18.075 [docker-java-stream-1892580576] INFO tc.mongo:4.4.2 -- Pulling image layers:  4 pending,  8 downloaded,  0 extracted, (23 MB/? MB)
03:08:18.175 [docker-java-stream-1892580576] INFO tc.mongo:4.4.2 -- Pulling image layers:  3 pending,  9 downloaded,  0 extracted, (24 MB/? MB)
03:08:18.374 [docker-java-stream-1892580576] INFO tc.mongo:4.4.2 -- Pulling image layers:  2 pending, 10 downloaded,  0 extracted, (27 MB/? MB)
03:08:19.476 [docker-java-stream-1892580576] INFO tc.mongo:4.4.2 -- Pulling image layers:  1 pending, 11 downloaded,  0 extracted, (66 MB/? MB)
03:08:21.674 [docker-java-stream-1892580576] INFO tc.mongo:4.4.2 -- Pulling image layers:  0 pending, 12 downloaded,  0 extracted, (158 MB/160 MB)
03:08:23.031 [docker-java-stream-1892580576] INFO tc.mongo:4.4.2 -- Pull complete. 12 layers, pulled in 10s (downloaded 158 MB at 15 MB/s)
03:08:23.050 [main] INFO tc.mongo:4.4.2 -- Creating container for image: mongo:4.4.2
03:08:23.425 [main] INFO tc.mongo:4.4.2 -- Container mongo:4.4.2 is starting: c0e2dc34b06469e3516bc517ae37edfffec82446e28acee931ff9d96238727f7
03:08:23.692 [main] INFO tc.mongo:4.4.2 -- Container mongo:4.4.2 started in PT14.027029S

  .   ____          _            __ _ _
 /\\ / ___'_ __ _ _(_)_ __  __ _ \ \ \ \
( ( )\___ | '_ | '_| | '_ \/ _` | \ \ \ \
 \\/  ___)| |_)| | | | | || (_| |  ) ) ) )
  '  |____| .__|_| |_|_| |_\__, | / / / /
 =========|_|==============|___/=/_/_/_/
 :: Spring Boot ::                (v3.1.3)

2023-10-15T03:08:24.056+08:00  INFO 3632 --- [           main] c.e.p.ProductServiceApplicationTests     : Starting ProductServiceApplicationTests using Java 17.0.8 with PID 3632 (started by stevenrachman in /Users/stevenrachman/Projects/ecoharvest/product-service-min)
2023-10-15T03:08:24.057+08:00  INFO 3632 --- [           main] c.e.p.ProductServiceApplicationTests     : No active profile set, falling back to 1 default profile: "default"
2023-10-15T03:08:24.350+08:00  INFO 3632 --- [           main] .s.d.r.c.RepositoryConfigurationDelegate : Bootstrapping Spring Data MongoDB repositories in DEFAULT mode.
2023-10-15T03:08:24.372+08:00  INFO 3632 --- [           main] .s.d.r.c.RepositoryConfigurationDelegate : Finished Spring Data repository scanning in 20 ms. Found 1 MongoDB repository interfaces.
2023-10-15T03:08:24.567+08:00  INFO 3632 --- [           main] org.mongodb.driver.client                : MongoClient with metadata {"driver": {"name": "mongo-java-driver|sync|spring-boot", "version": "4.9.1"}, "os": {"type": "Darwin", "name": "Mac OS X", "architecture": "aarch64", "version": "14.0"}, "platform": "Java/Eclipse Adoptium/17.0.8+7"} created with settings MongoClientSettings{readPreference=primary, writeConcern=WriteConcern{w=null, wTimeout=null ms, journal=null}, retryWrites=true, retryReads=true, readConcern=ReadConcern{level=null}, credential=null, streamFactoryFactory=null, commandListeners=[], codecRegistry=ProvidersCodecRegistry{codecProviders=[ValueCodecProvider{}, BsonValueCodecProvider{}, DBRefCodecProvider{}, DBObjectCodecProvider{}, DocumentCodecProvider{}, CollectionCodecProvider{}, IterableCodecProvider{}, MapCodecProvider{}, GeoJsonCodecProvider{}, GridFSFileCodecProvider{}, Jsr310CodecProvider{}, JsonObjectCodecProvider{}, BsonCodecProvider{}, EnumCodecProvider{}, com.mongodb.client.model.mql.ExpressionCodecProvider@6785c9fa, com.mongodb.Jep395RecordCodecProvider@63cf578f]}, loggerSettings=LoggerSettings{maxDocumentLength=1000}, clusterSettings={hosts=[localhost:50491], srvServiceName=mongodb, mode=SINGLE, requiredClusterType=UNKNOWN, requiredReplicaSetName='null', serverSelector='null', clusterListeners='[]', serverSelectionTimeout='30000 ms', localThreshold='30000 ms'}, socketSettings=SocketSettings{connectTimeoutMS=10000, readTimeoutMS=0, receiveBufferSize=0, sendBufferSize=0}, heartbeatSocketSettings=SocketSettings{connectTimeoutMS=10000, readTimeoutMS=10000, receiveBufferSize=0, sendBufferSize=0}, connectionPoolSettings=ConnectionPoolSettings{maxSize=100, minSize=0, maxWaitTimeMS=120000, maxConnectionLifeTimeMS=0, maxConnectionIdleTimeMS=0, maintenanceInitialDelayMS=0, maintenanceFrequencyMS=60000, connectionPoolListeners=[], maxConnecting=2}, serverSettings=ServerSettings{heartbeatFrequencyMS=10000, minHeartbeatFrequencyMS=500, serverListeners='[]', serverMonitorListeners='[]'}, sslSettings=SslSettings{enabled=false, invalidHostNameAllowed=false, context=null}, applicationName='null', compressorList=[], uuidRepresentation=JAVA_LEGACY, serverApi=null, autoEncryptionSettings=null, contextProvider=null}
2023-10-15T03:08:24.576+08:00  INFO 3632 --- [localhost:50491] org.mongodb.driver.cluster               : Monitor thread successfully connected to server with description ServerDescription{address=localhost:50491, type=REPLICA_SET_PRIMARY, state=CONNECTED, ok=true, minWireVersion=0, maxWireVersion=9, maxDocumentSize=16777216, logicalSessionTimeoutMinutes=30, roundTripTimeNanos=14718750, setName='docker-rs', canonicalAddress=c0e2dc34b064:27017, hosts=[c0e2dc34b064:27017], passives=[], arbiters=[], primary='c0e2dc34b064:27017', tagSet=TagSet{[]}, electionId=7fffffff0000000000000001, setVersion=1, topologyVersion=TopologyVersion{processId=652ae727490f868e1c467c73, counter=6}, lastWriteDate=Sun Oct 15 03:08:23 SGT 2023, lastUpdateTimeNanos=1091594243333}
2023-10-15T03:08:24.945+08:00  INFO 3632 --- [           main] o.s.b.t.m.w.SpringBootMockServletContext : Initializing Spring TestDispatcherServlet ''
2023-10-15T03:08:24.946+08:00  INFO 3632 --- [           main] o.s.t.web.servlet.TestDispatcherServlet  : Initializing Servlet ''
2023-10-15T03:08:24.947+08:00  INFO 3632 --- [           main] o.s.t.web.servlet.TestDispatcherServlet  : Completed initialization in 0 ms
2023-10-15T03:08:24.960+08:00  INFO 3632 --- [           main] c.e.p.ProductServiceApplicationTests     : Started ProductServiceApplicationTests in 1.022 seconds (process running for 24.722)
2023-10-15T03:08:25.487+08:00  INFO 3632 --- [           main] c.e.p.service.ProductService             : Product 652ae7290d0d461697ad9be8 is created successfully
]]></system-out>
  </testcase>
  <testcase name="shouldGetAllProducts" classname="com.ecoharvest.productservice.ProductServiceApplicationTests" time="0.011"/>
</testsuite>